Flow report for TA12_Digitizer
Tue Dec 12 15:15:14 2017
Quartus II 64-Bit Version 9.1 Build 350 03/24/2010 Service Pack 2 SJ Full Version


---------------------
; Table of Contents ;
---------------------
  1. Legal Notice
  2. Flow Summary
  3. Flow Settings
  4. Flow Non-Default Global Settings
  5. Flow Elapsed Time
  6. Flow OS Summary
  7. Flow Log



----------------
; Legal Notice ;
----------------
Copyright (C) 1991-2010 Altera Corporation
Your use of Altera Corporation's design tools, logic functions 
and other software and tools, and its AMPP partner logic 
functions, and any output files from any of the foregoing 
(including device programming or simulation files), and any 
associated documentation or information are expressly subject 
to the terms and conditions of the Altera Program License 
Subscription Agreement, Altera MegaCore Function License 
Agreement, or other applicable license agreement, including, 
without limitation, that your use is for the sole purpose of 
programming logic devices manufactured by Altera and sold by 
Altera or its authorized distributors.  Please refer to the 
applicable agreement for further details.



+------------------------------------------------------------------------------------+
; Flow Summary                                                                       ;
+------------------------------------+-----------------------------------------------+
; Flow Status                        ; Successful - Tue Dec 12 15:15:05 2017         ;
; Quartus II 64-Bit Version          ; 9.1 Build 350 03/24/2010 SP 2 SJ Full Version ;
; Revision Name                      ; TA12_Digitizer                                ;
; Top-level Entity Name              ; TA12_Digitizer                                ;
; Family                             ; Cyclone IV E                                  ;
; Device                             ; EP4CE40F23C7                                  ;
; Timing Models                      ; Preliminary                                   ;
; Met timing requirements            ; N/A                                           ;
; Total logic elements               ; 5,608 / 39,600 ( 14 % )                       ;
;     Total combinational functions  ; 4,411 / 39,600 ( 11 % )                       ;
;     Dedicated logic registers      ; 3,757 / 39,600 ( 9 % )                        ;
; Total registers                    ; 3757                                          ;
; Total pins                         ; 99 / 329 ( 30 % )                             ;
; Total virtual pins                 ; 0                                             ;
; Total memory bits                  ; 157,696 / 1,161,216 ( 14 % )                  ;
; Embedded Multiplier 9-bit elements ; 0 / 232 ( 0 % )                               ;
; Total PLLs                         ; 1 / 4 ( 25 % )                                ;
+------------------------------------+-----------------------------------------------+


+-----------------------------------------+
; Flow Settings                           ;
+-------------------+---------------------+
; Option            ; Setting             ;
+-------------------+---------------------+
; Start date & time ; 12/12/2017 15:13:48 ;
; Main task         ; Compilation         ;
; Revision Name     ; TA12_Digitizer      ;
+-------------------+---------------------+


+--------------------------------------------------------------------------------------------------------------------------------------------------------------------------------+
; Flow Non-Default Global Settings                                                                                                                                               ;
+------------------------------------+--------------------------------------------------------------------------------------------+---------------+-------------+----------------+
; Assignment Name                    ; Value                                                                                      ; Default Value ; Entity Name ; Section Id     ;
+------------------------------------+--------------------------------------------------------------------------------------------+---------------+-------------+----------------+
; COMPILER_SIGNATURE_ID              ; 53350635873176.151306642710244                                                             ; --            ; --          ; --             ;
; MAX_CORE_JUNCTION_TEMP             ; 85                                                                                         ; --            ; --          ; --             ;
; MIN_CORE_JUNCTION_TEMP             ; 0                                                                                          ; --            ; --          ; --             ;
; MISC_FILE                          ; D:/Users/Leon/Work/CMD-3/el_lxe/Electronics/trunk/Altera/TA12_digitizer/TA12_Digitizer.dpf ; --            ; --          ; --             ;
; NOMINAL_CORE_SUPPLY_VOLTAGE        ; 1.2V                                                                                       ; --            ; --          ; --             ;
; PARTITION_COLOR                    ; 16764057                                                                                   ; --            ; --          ; Top            ;
; PARTITION_NETLIST_TYPE             ; SOURCE                                                                                     ; --            ; --          ; Top            ;
; SEARCH_PATH                        ; lib                                                                                        ; --            ; --          ; --             ;
; SEARCH_PATH                        ; d:\users\leon\work\cmd-3\el_lxe\electronics\trunk\altera\lib                               ; --            ; --          ; --             ;
; USE_GENERATED_PHYSICAL_CONSTRAINTS ; Off                                                                                        ; --            ; --          ; eda_blast_fpga ;
+------------------------------------+--------------------------------------------------------------------------------------------+---------------+-------------+----------------+


+-------------------------------------------------------------------------------------------------------------------------------+
; Flow Elapsed Time                                                                                                             ;
+---------------------------+--------------+-------------------------+---------------------+------------------------------------+
; Module Name               ; Elapsed Time ; Average Processors Used ; Peak Virtual Memory ; Total CPU Time (on all processors) ;
+---------------------------+--------------+-------------------------+---------------------+------------------------------------+
; Analysis & Synthesis      ; 00:00:35     ; 1.0                     ; 402 MB              ; 00:00:23                           ;
; Fitter                    ; 00:00:32     ; 2.0                     ; 535 MB              ; 00:00:33                           ;
; TimeQuest Timing Analyzer ; 00:00:12     ; 1.0                     ; 426 MB              ; 00:00:11                           ;
; Assembler                 ; 00:00:03     ; 1.0                     ; 348 MB              ; 00:00:02                           ;
; Total                     ; 00:01:19     ; --                      ; --                  ; 00:01:07                           ;
+---------------------------+--------------+-------------------------+---------------------+------------------------------------+


+--------------------------------------------------------------------------------------------+
; Flow OS Summary                                                                            ;
+---------------------------+------------------+---------------+------------+----------------+
; Module Name               ; Machine Hostname ; OS Name       ; OS Version ; Processor type ;
+---------------------------+------------------+---------------+------------+----------------+
; Analysis & Synthesis      ; l2-epsht2        ; Windows Vista ; 6.1        ; x86_64         ;
; Fitter                    ; l2-epsht2        ; Windows Vista ; 6.1        ; x86_64         ;
; Assembler                 ; l2-epsht2        ; Windows Vista ; 6.1        ; x86_64         ;
; TimeQuest Timing Analyzer ; l2-epsht2        ; Windows Vista ; 6.1        ; x86_64         ;
+---------------------------+------------------+---------------+------------+----------------+


------------
; Flow Log ;
------------
quartus_map --read_settings_files=on --write_settings_files=off TA12_Digitizer -c TA12_Digitizer
quartus_fit --read_settings_files=off --write_settings_files=off TA12_Digitizer -c TA12_Digitizer
quartus_asm --read_settings_files=off --write_settings_files=off TA12_Digitizer -c TA12_Digitizer
quartus_sta TA12_Digitizer -c TA12_Digitizer



