EDA Netlist Writer report for desat_comm_board_hw_v1_0_fw_v_1_0
Tue Sep 22 18:34:17 2015
Quartus II 64-Bit Version 9.1 Build 350 03/24/2010 Service Pack 2 SJ Full Version


---------------------
; Table of Contents ;
---------------------
  1. Legal Notice
  2. EDA Netlist Writer Summary
  3. Simulation Settings
  4. Simulation Generated Files
  5. EDA Netlist Writer Messages



----------------
; Legal Notice ;
----------------
Copyright (C) 1991-2010 Altera Corporation
Your use of Altera Corporation's design tools, logic functions 
and other software and tools, and its AMPP partner logic 
functions, and any output files from any of the foregoing 
(including device programming or simulation files), and any 
associated documentation or information are expressly subject 
to the terms and conditions of the Altera Program License 
Subscription Agreement, Altera MegaCore Function License 
Agreement, or other applicable license agreement, including, 
without limitation, that your use is for the sole purpose of 
programming logic devices manufactured by Altera and sold by 
Altera or its authorized distributors.  Please refer to the 
applicable agreement for further details.



+-------------------------------------------------------------------+
; EDA Netlist Writer Summary                                        ;
+---------------------------+---------------------------------------+
; EDA Netlist Writer Status ; Successful - Tue Sep 22 18:34:17 2015 ;
; Revision Name             ; desat_comm_board_hw_v1_0_fw_v_1_0     ;
; Top-level Entity Name     ; top                                   ;
; Family                    ; Cyclone III                           ;
; Simulation Files Creation ; Successful                            ;
+---------------------------+---------------------------------------+


+---------------------------------------------------------------------------------------------------------------------+
; Simulation Settings                                                                                                 ;
+---------------------------------------------------------------------------------------------------+-----------------+
; Option                                                                                            ; Setting         ;
+---------------------------------------------------------------------------------------------------+-----------------+
; Tool Name                                                                                         ; ModelSim (VHDL) ;
; Generate netlist for functional simulation only                                                   ; Off             ;
; Time scale                                                                                        ; 1 ps            ;
; Truncate long hierarchy paths                                                                     ; Off             ;
; Map illegal HDL characters                                                                        ; Off             ;
; Flatten buses into individual nodes                                                               ; Off             ;
; Maintain hierarchy                                                                                ; Off             ;
; Bring out device-wide set/reset signals as ports                                                  ; Off             ;
; Enable glitch filtering                                                                           ; Off             ;
; Do not write top level VHDL entity                                                                ; Off             ;
; Disable detection of setup and hold time violations in the input registers of bi-directional pins ; Off             ;
; Architecture name in VHDL output netlist                                                          ; structure       ;
; Generate third-party EDA tool command script for RTL functional simulation                        ; Off             ;
; Generate third-party EDA tool command script for gate-level simulation                            ; Off             ;
+---------------------------------------------------------------------------------------------------+-----------------+


+--------------------------------------------------------------------------------------------------------------+
; Simulation Generated Files                                                                                   ;
+--------------------------------------------------------------------------------------------------------------+
; Generated Files                                                                                              ;
+--------------------------------------------------------------------------------------------------------------+
; D:/Users/Leon/Work/CMD-3/el_lxe/Altera/Ethernet/desat_comm_board_hw_v1_0_fw_v_1_0_8_1200mv_85c_slow.vho      ;
; D:/Users/Leon/Work/CMD-3/el_lxe/Altera/Ethernet/desat_comm_board_hw_v1_0_fw_v_1_0_8_1200mv_0c_slow.vho       ;
; D:/Users/Leon/Work/CMD-3/el_lxe/Altera/Ethernet/desat_comm_board_hw_v1_0_fw_v_1_0_min_1200mv_0c_fast.vho     ;
; D:/Users/Leon/Work/CMD-3/el_lxe/Altera/Ethernet/desat_comm_board_hw_v1_0_fw_v_1_0.vho                        ;
; D:/Users/Leon/Work/CMD-3/el_lxe/Altera/Ethernet/desat_comm_board_hw_v1_0_fw_v_1_0_8_1200mv_85c_vhd_slow.sdo  ;
; D:/Users/Leon/Work/CMD-3/el_lxe/Altera/Ethernet/desat_comm_board_hw_v1_0_fw_v_1_0_8_1200mv_0c_vhd_slow.sdo   ;
; D:/Users/Leon/Work/CMD-3/el_lxe/Altera/Ethernet/desat_comm_board_hw_v1_0_fw_v_1_0_min_1200mv_0c_vhd_fast.sdo ;
; D:/Users/Leon/Work/CMD-3/el_lxe/Altera/Ethernet/desat_comm_board_hw_v1_0_fw_v_1_0_vhd.sdo                    ;
+--------------------------------------------------------------------------------------------------------------+


+-----------------------------+
; EDA Netlist Writer Messages ;
+-----------------------------+
Info: *******************************************************************
Info: Running Quartus II 64-Bit EDA Netlist Writer
    Info: Version 9.1 Build 350 03/24/2010 Service Pack 2 SJ Full Version
    Info: Processing started: Tue Sep 22 18:34:15 2015
Info: Command: quartus_eda --read_settings_files=off --write_settings_files=off desat_comm_board_hw_v1_0_fw_v_1_0 -c desat_comm_board_hw_v1_0_fw_v_1_0
Info: Generated file desat_comm_board_hw_v1_0_fw_v_1_0_8_1200mv_85c_slow.vho in folder "D:/Users/Leon/Work/CMD-3/el_lxe/Altera/Ethernet/" for EDA simulation tool
Info: Generated file desat_comm_board_hw_v1_0_fw_v_1_0_8_1200mv_0c_slow.vho in folder "D:/Users/Leon/Work/CMD-3/el_lxe/Altera/Ethernet/" for EDA simulation tool
Info: Generated file desat_comm_board_hw_v1_0_fw_v_1_0_min_1200mv_0c_fast.vho in folder "D:/Users/Leon/Work/CMD-3/el_lxe/Altera/Ethernet/" for EDA simulation tool
Info: Generated file desat_comm_board_hw_v1_0_fw_v_1_0.vho in folder "D:/Users/Leon/Work/CMD-3/el_lxe/Altera/Ethernet/" for EDA simulation tool
Info: Generated file desat_comm_board_hw_v1_0_fw_v_1_0_8_1200mv_85c_vhd_slow.sdo in folder "D:/Users/Leon/Work/CMD-3/el_lxe/Altera/Ethernet/" for EDA simulation tool
Info: Generated file desat_comm_board_hw_v1_0_fw_v_1_0_8_1200mv_0c_vhd_slow.sdo in folder "D:/Users/Leon/Work/CMD-3/el_lxe/Altera/Ethernet/" for EDA simulation tool
Info: Generated file desat_comm_board_hw_v1_0_fw_v_1_0_min_1200mv_0c_vhd_fast.sdo in folder "D:/Users/Leon/Work/CMD-3/el_lxe/Altera/Ethernet/" for EDA simulation tool
Info: Generated file desat_comm_board_hw_v1_0_fw_v_1_0_vhd.sdo in folder "D:/Users/Leon/Work/CMD-3/el_lxe/Altera/Ethernet/" for EDA simulation tool
Info: Quartus II 64-Bit EDA Netlist Writer was successful. 0 errors, 0 warnings
    Info: Peak virtual memory: 240 megabytes
    Info: Processing ended: Tue Sep 22 18:34:17 2015
    Info: Elapsed time: 00:00:02
    Info: Total CPU time (on all processors): 00:00:02


