Assembler report for desat_comm_board_hw_v1_0_fw_v_1_0
Tue Sep 22 18:34:13 2015
Quartus II 64-Bit Version 9.1 Build 350 03/24/2010 Service Pack 2 SJ Full Version


---------------------
; Table of Contents ;
---------------------
  1. Legal Notice
  2. Assembler Summary
  3. Assembler Settings
  4. Assembler Generated Files
  5. Assembler Device Options: D:/Users/Leon/Work/CMD-3/el_lxe/Altera/Ethernet/desat_comm_board_hw_v1_0_fw_v_1_0.sof
  6. Assembler Device Options: D:/Users/Leon/Work/CMD-3/el_lxe/Altera/Ethernet/desat_comm_board_hw_v1_0_fw_v_1_0.pof
  7. Assembler Messages



----------------
; Legal Notice ;
----------------
Copyright (C) 1991-2010 Altera Corporation
Your use of Altera Corporation's design tools, logic functions 
and other software and tools, and its AMPP partner logic 
functions, and any output files from any of the foregoing 
(including device programming or simulation files), and any 
associated documentation or information are expressly subject 
to the terms and conditions of the Altera Program License 
Subscription Agreement, Altera MegaCore Function License 
Agreement, or other applicable license agreement, including, 
without limitation, that your use is for the sole purpose of 
programming logic devices manufactured by Altera and sold by 
Altera or its authorized distributors.  Please refer to the 
applicable agreement for further details.



+---------------------------------------------------------------+
; Assembler Summary                                             ;
+-----------------------+---------------------------------------+
; Assembler Status      ; Successful - Tue Sep 22 18:34:13 2015 ;
; Revision Name         ; desat_comm_board_hw_v1_0_fw_v_1_0     ;
; Top-level Entity Name ; top                                   ;
; Family                ; Cyclone III                           ;
; Device                ; EP3C25Q240C8                          ;
+-----------------------+---------------------------------------+


+--------------------------------------------------------------------------------------------------------+
; Assembler Settings                                                                                     ;
+-----------------------------------------------------------------------------+----------+---------------+
; Option                                                                      ; Setting  ; Default Value ;
+-----------------------------------------------------------------------------+----------+---------------+
; Generate compressed bitstreams                                              ; Off      ; On            ;
; Use configuration device                                                    ; On       ; Off           ;
; Configuration device                                                        ; Epcs16   ; Auto          ;
; Use smart compilation                                                       ; Off      ; Off           ;
; Enable parallel Assembler and TimeQuest Timing Analyzer during compilation  ; On       ; On            ;
; Enable compact report table                                                 ; Off      ; Off           ;
; Compression mode                                                            ; Off      ; Off           ;
; Clock source for configuration device                                       ; Internal ; Internal      ;
; Clock frequency of the configuration device                                 ; 10 MHZ   ; 10 MHz        ;
; Divide clock frequency by                                                   ; 1        ; 1             ;
; Auto user code                                                              ; Off      ; Off           ;
; Configuration device auto user code                                         ; Off      ; Off           ;
; Generate Tabular Text File (.ttf) For Target Device                         ; Off      ; Off           ;
; Generate Raw Binary File (.rbf) For Target Device                           ; Off      ; Off           ;
; Generate Hexadecimal (Intel-Format) Output File (.hexout) for Target Device ; Off      ; Off           ;
; Hexadecimal Output File start address                                       ; 0        ; 0             ;
; Hexadecimal Output File count direction                                     ; Up       ; Up            ;
; Release clears before tri-states                                            ; Off      ; Off           ;
; Auto-restart configuration after error                                      ; On       ; On            ;
; Enable OCT_DONE                                                             ; Off      ; Off           ;
; Generate Serial Vector Format File (.svf) for Target Device                 ; Off      ; Off           ;
; Generate a JEDEC STAPL Format File (.jam) for Target Device                 ; Off      ; Off           ;
; Generate a compressed Jam STAPL Byte Code 2.0 File (.jbc) for Target Device ; Off      ; Off           ;
; Generate a compressed Jam STAPL Byte Code 2.0 File (.jbc) for Target Device ; On       ; On            ;
+-----------------------------------------------------------------------------+----------+---------------+


+---------------------------------------------------------------------------------------+
; Assembler Generated Files                                                             ;
+---------------------------------------------------------------------------------------+
; File Name                                                                             ;
+---------------------------------------------------------------------------------------+
; D:/Users/Leon/Work/CMD-3/el_lxe/Altera/Ethernet/desat_comm_board_hw_v1_0_fw_v_1_0.sof ;
; D:/Users/Leon/Work/CMD-3/el_lxe/Altera/Ethernet/desat_comm_board_hw_v1_0_fw_v_1_0.pof ;
+---------------------------------------------------------------------------------------+


+-----------------------------------------------------------------------------------------------------------------+
; Assembler Device Options: D:/Users/Leon/Work/CMD-3/el_lxe/Altera/Ethernet/desat_comm_board_hw_v1_0_fw_v_1_0.sof ;
+----------------+------------------------------------------------------------------------------------------------+
; Option         ; Setting                                                                                        ;
+----------------+------------------------------------------------------------------------------------------------+
; Device         ; EP3C25Q240C8                                                                                   ;
; JTAG usercode  ; 0xFFFFFFFF                                                                                     ;
; Checksum       ; 0x0022CA99                                                                                     ;
+----------------+------------------------------------------------------------------------------------------------+


+-----------------------------------------------------------------------------------------------------------------+
; Assembler Device Options: D:/Users/Leon/Work/CMD-3/el_lxe/Altera/Ethernet/desat_comm_board_hw_v1_0_fw_v_1_0.pof ;
+--------------------+--------------------------------------------------------------------------------------------+
; Option             ; Setting                                                                                    ;
+--------------------+--------------------------------------------------------------------------------------------+
; Device             ; EPCS16                                                                                     ;
; JTAG usercode      ; 0x00000000                                                                                 ;
; Checksum           ; 0x15168D4B                                                                                 ;
; Compression Ratio  ; 1                                                                                          ;
+--------------------+--------------------------------------------------------------------------------------------+


+--------------------+
; Assembler Messages ;
+--------------------+
Info: *******************************************************************
Info: Running Quartus II 64-Bit Assembler
    Info: Version 9.1 Build 350 03/24/2010 Service Pack 2 SJ Full Version
    Info: Processing started: Tue Sep 22 18:34:11 2015
Info: Command: quartus_asm --read_settings_files=off --write_settings_files=off desat_comm_board_hw_v1_0_fw_v_1_0 -c desat_comm_board_hw_v1_0_fw_v_1_0
Info: Writing out detailed assembly data for power analysis
Info: Assembler is generating device programming files
Info: Quartus II 64-Bit Assembler was successful. 0 errors, 0 warnings
    Info: Peak virtual memory: 285 megabytes
    Info: Processing ended: Tue Sep 22 18:34:13 2015
    Info: Elapsed time: 00:00:02
    Info: Total CPU time (on all processors): 00:00:01


