Flow report for desat_comm_board_hw_v1_0_fw_v_1_0
Tue Sep 22 18:34:17 2015
Quartus II 64-Bit Version 9.1 Build 350 03/24/2010 Service Pack 2 SJ Full Version


---------------------
; Table of Contents ;
---------------------
  1. Legal Notice
  2. Flow Summary
  3. Flow Settings
  4. Flow Non-Default Global Settings
  5. Flow Elapsed Time
  6. Flow OS Summary
  7. Flow Log



----------------
; Legal Notice ;
----------------
Copyright (C) 1991-2010 Altera Corporation
Your use of Altera Corporation's design tools, logic functions 
and other software and tools, and its AMPP partner logic 
functions, and any output files from any of the foregoing 
(including device programming or simulation files), and any 
associated documentation or information are expressly subject 
to the terms and conditions of the Altera Program License 
Subscription Agreement, Altera MegaCore Function License 
Agreement, or other applicable license agreement, including, 
without limitation, that your use is for the sole purpose of 
programming logic devices manufactured by Altera and sold by 
Altera or its authorized distributors.  Please refer to the 
applicable agreement for further details.



+------------------------------------------------------------------------------------+
; Flow Summary                                                                       ;
+------------------------------------+-----------------------------------------------+
; Flow Status                        ; Successful - Tue Sep 22 18:34:17 2015         ;
; Quartus II 64-Bit Version          ; 9.1 Build 350 03/24/2010 SP 2 SJ Full Version ;
; Revision Name                      ; desat_comm_board_hw_v1_0_fw_v_1_0             ;
; Top-level Entity Name              ; top                                           ;
; Family                             ; Cyclone III                                   ;
; Device                             ; EP3C25Q240C8                                  ;
; Timing Models                      ; Final                                         ;
; Met timing requirements            ; N/A                                           ;
; Total logic elements               ; 795 / 24,624 ( 3 % )                          ;
;     Total combinational functions  ; 646 / 24,624 ( 3 % )                          ;
;     Dedicated logic registers      ; 544 / 24,624 ( 2 % )                          ;
; Total registers                    ; 544                                           ;
; Total pins                         ; 25 / 149 ( 17 % )                             ;
; Total virtual pins                 ; 0                                             ;
; Total memory bits                  ; 65,536 / 608,256 ( 11 % )                     ;
; Embedded Multiplier 9-bit elements ; 0 / 132 ( 0 % )                               ;
; Total PLLs                         ; 1 / 4 ( 25 % )                                ;
+------------------------------------+-----------------------------------------------+


+-------------------------------------------------------+
; Flow Settings                                         ;
+-------------------+-----------------------------------+
; Option            ; Setting                           ;
+-------------------+-----------------------------------+
; Start date & time ; 09/22/2015 18:33:53               ;
; Main task         ; Compilation                       ;
; Revision Name     ; desat_comm_board_hw_v1_0_fw_v_1_0 ;
+-------------------+-----------------------------------+


+-----------------------------------------------------------------------------------------------------------------------------------------------------------------------------------------------------------+
; Flow Non-Default Global Settings                                                                                                                                                                          ;
+------------------------------------------------+---------------------------------------------------------------------------------------+-----------------------------------+-------------+----------------+
; Assignment Name                                ; Value                                                                                 ; Default Value                     ; Entity Name ; Section Id     ;
+------------------------------------------------+---------------------------------------------------------------------------------------+-----------------------------------+-------------+----------------+
; COMPILER_SIGNATURE_ID                          ; 53350635873176.144292523307620                                                        ; --                                ; --          ; --             ;
; EDA_DESIGN_INSTANCE_NAME                       ; uut                                                                                   ; --                                ; --          ; tb_top         ;
; EDA_NATIVELINK_SIMULATION_TEST_BENCH           ; tb_top                                                                                ; --                                ; --          ; eda_simulation ;
; EDA_NETLIST_WRITER_OUTPUT_DIR                  ; .                                                                                     ; --                                ; --          ; eda_simulation ;
; EDA_OUTPUT_DATA_FORMAT                         ; Vhdl                                                                                  ; --                                ; --          ; eda_simulation ;
; EDA_SIMULATION_TOOL                            ; ModelSim (VHDL)                                                                       ; <None>                            ; --          ; --             ;
; EDA_TEST_BENCH_ENABLE_STATUS                   ; TEST_BENCH_MODE                                                                       ; --                                ; --          ; eda_simulation ;
; EDA_TEST_BENCH_FILE                            ; io_utils.vhd                                                                          ; --                                ; --          ; tb_top         ;
; EDA_TEST_BENCH_FILE                            ; tb_eth_rx.vhd                                                                         ; --                                ; --          ; tb_top         ;
; EDA_TEST_BENCH_FILE                            ; tb_eth_tx.vhd                                                                         ; --                                ; --          ; tb_top         ;
; EDA_TEST_BENCH_FILE                            ; tb_top.vhd                                                                            ; --                                ; --          ; tb_top         ;
; EDA_TEST_BENCH_FILE                            ; tb_adc_brd.vhd                                                                        ; --                                ; --          ; tb_top         ;
; EDA_TEST_BENCH_MODULE_NAME                     ; tb_top                                                                                ; --                                ; --          ; tb_top         ;
; EDA_TEST_BENCH_NAME                            ; tb_top                                                                                ; --                                ; --          ; eda_simulation ;
; EDA_TEST_BENCH_RUN_SIM_FOR                     ; 200 us                                                                                ; --                                ; --          ; tb_top         ;
; EDA_TIME_SCALE                                 ; 1 ps                                                                                  ; --                                ; --          ; eda_simulation ;
; EDA_USER_COMPILED_SIMULATION_LIBRARY_DIRECTORY ; C:/Altera/11.1/sim_lib                                                                ; --                                ; --          ; eda_simulation ;
; IP_TOOL_NAME                                   ; RAM: 2-PORT                                                                           ; --                                ; --          ; --             ;
; IP_TOOL_NAME                                   ; RAM: 2-PORT                                                                           ; --                                ; --          ; --             ;
; IP_TOOL_NAME                                   ; ALTPLL                                                                                ; --                                ; --          ; --             ;
; IP_TOOL_NAME                                   ; RAM: 2-PORT                                                                           ; --                                ; --          ; --             ;
; IP_TOOL_VERSION                                ; 10.0                                                                                  ; --                                ; --          ; --             ;
; IP_TOOL_VERSION                                ; 10.0                                                                                  ; --                                ; --          ; --             ;
; IP_TOOL_VERSION                                ; 11.0                                                                                  ; --                                ; --          ; --             ;
; IP_TOOL_VERSION                                ; 11.0                                                                                  ; --                                ; --          ; --             ;
; MAX_CORE_JUNCTION_TEMP                         ; 85                                                                                    ; --                                ; --          ; --             ;
; MIN_CORE_JUNCTION_TEMP                         ; 0                                                                                     ; --                                ; --          ; --             ;
; MISC_FILE                                      ; eth_tx_buf.cmp                                                                        ; --                                ; --          ; --             ;
; MISC_FILE                                      ; eth_rx_buf.cmp                                                                        ; --                                ; --          ; --             ;
; MISC_FILE                                      ; system_clock_pll.cmp                                                                  ; --                                ; --          ; --             ;
; MISC_FILE                                      ; system_clock_pll.ppf                                                                  ; --                                ; --          ; --             ;
; MISC_FILE                                      ; ab_ifc_ram.cmp                                                                        ; --                                ; --          ; --             ;
; MISC_FILE                                      ; D:/Users/Leon/Work/CMD-3/el_lxe/Altera/Ethernet/desat_comm_board_hw_v1_0_fw_v_1_0.dpf ; --                                ; --          ; --             ;
; NOMINAL_CORE_SUPPLY_VOLTAGE                    ; 1.2V                                                                                  ; --                                ; --          ; --             ;
; PARTITION_COLOR                                ; 16764057                                                                              ; --                                ; top         ; Top            ;
; PARTITION_FITTER_PRESERVATION_LEVEL            ; PLACEMENT_AND_ROUTING                                                                 ; --                                ; top         ; Top            ;
; PARTITION_NETLIST_TYPE                         ; SOURCE                                                                                ; --                                ; top         ; Top            ;
; SYNCHRONIZATION_REGISTER_CHAIN_LENGTH          ; 2                                                                                     ; 3                                 ; --          ; --             ;
; TOP_LEVEL_ENTITY                               ; top                                                                                   ; desat_comm_board_hw_v1_0_fw_v_1_0 ; --          ; --             ;
+------------------------------------------------+---------------------------------------------------------------------------------------+-----------------------------------+-------------+----------------+


+-------------------------------------------------------------------------------------------------------------------------------+
; Flow Elapsed Time                                                                                                             ;
+---------------------------+--------------+-------------------------+---------------------+------------------------------------+
; Module Name               ; Elapsed Time ; Average Processors Used ; Peak Virtual Memory ; Total CPU Time (on all processors) ;
+---------------------------+--------------+-------------------------+---------------------+------------------------------------+
; Analysis & Synthesis      ; 00:00:06     ; 1.0                     ; 334 MB              ; 00:00:04                           ;
; Fitter                    ; 00:00:08     ; 2.0                     ; 442 MB              ; 00:00:07                           ;
; TimeQuest Timing Analyzer ; 00:00:04     ; 1.0                     ; 351 MB              ; 00:00:03                           ;
; Assembler                 ; 00:00:02     ; 1.0                     ; 285 MB              ; 00:00:01                           ;
; EDA Netlist Writer        ; 00:00:02     ; 1.0                     ; 228 MB              ; 00:00:02                           ;
; Total                     ; 00:00:20     ; --                      ; --                  ; 00:00:16                           ;
+---------------------------+--------------+-------------------------+---------------------+------------------------------------+


+--------------------------------------------------------------------------------------------+
; Flow OS Summary                                                                            ;
+---------------------------+------------------+---------------+------------+----------------+
; Module Name               ; Machine Hostname ; OS Name       ; OS Version ; Processor type ;
+---------------------------+------------------+---------------+------------+----------------+
; Analysis & Synthesis      ; l2-epsht2        ; Windows Vista ; 6.1        ; x86_64         ;
; Fitter                    ; l2-epsht2        ; Windows Vista ; 6.1        ; x86_64         ;
; Assembler                 ; l2-epsht2        ; Windows Vista ; 6.1        ; x86_64         ;
; TimeQuest Timing Analyzer ; l2-epsht2        ; Windows Vista ; 6.1        ; x86_64         ;
; EDA Netlist Writer        ; l2-epsht2        ; Windows Vista ; 6.1        ; x86_64         ;
+---------------------------+------------------+---------------+------------+----------------+


------------
; Flow Log ;
------------
quartus_map --read_settings_files=on --write_settings_files=off desat_comm_board_hw_v1_0_fw_v_1_0 -c desat_comm_board_hw_v1_0_fw_v_1_0
quartus_fit --read_settings_files=off --write_settings_files=off desat_comm_board_hw_v1_0_fw_v_1_0 -c desat_comm_board_hw_v1_0_fw_v_1_0
quartus_asm --read_settings_files=off --write_settings_files=off desat_comm_board_hw_v1_0_fw_v_1_0 -c desat_comm_board_hw_v1_0_fw_v_1_0
quartus_sta desat_comm_board_hw_v1_0_fw_v_1_0 -c desat_comm_board_hw_v1_0_fw_v_1_0
quartus_eda --read_settings_files=off --write_settings_files=off desat_comm_board_hw_v1_0_fw_v_1_0 -c desat_comm_board_hw_v1_0_fw_v_1_0



