EDA Netlist Writer report for CycloneIII_blvds
Wed Dec 06 10:35:46 2017
Quartus II 64-Bit Version 9.1 Build 350 03/24/2010 Service Pack 2 SJ Full Version


---------------------
; Table of Contents ;
---------------------
  1. Legal Notice
  2. EDA Netlist Writer Summary
  3. Simulation Settings
  4. Simulation Generated Files
  5. EDA Netlist Writer Messages



----------------
; Legal Notice ;
----------------
Copyright (C) 1991-2010 Altera Corporation
Your use of Altera Corporation's design tools, logic functions 
and other software and tools, and its AMPP partner logic 
functions, and any output files from any of the foregoing 
(including device programming or simulation files), and any 
associated documentation or information are expressly subject 
to the terms and conditions of the Altera Program License 
Subscription Agreement, Altera MegaCore Function License 
Agreement, or other applicable license agreement, including, 
without limitation, that your use is for the sole purpose of 
programming logic devices manufactured by Altera and sold by 
Altera or its authorized distributors.  Please refer to the 
applicable agreement for further details.



+-------------------------------------------------------------------+
; EDA Netlist Writer Summary                                        ;
+---------------------------+---------------------------------------+
; EDA Netlist Writer Status ; Successful - Wed Dec 06 10:35:46 2017 ;
; Revision Name             ; CycloneIII_blvds                      ;
; Top-level Entity Name     ; buslvds                               ;
; Family                    ; Cyclone IV E                          ;
; Simulation Files Creation ; Successful                            ;
+---------------------------+---------------------------------------+


+-------------------------------------------------------------------------------------------------------------------------------+
; Simulation Settings                                                                                                           ;
+---------------------------------------------------------------------------------------------------+---------------------------+
; Option                                                                                            ; Setting                   ;
+---------------------------------------------------------------------------------------------------+---------------------------+
; Tool Name                                                                                         ; ModelSim-Altera (Verilog) ;
; Generate netlist for functional simulation only                                                   ; Off                       ;
; Time scale                                                                                        ; 1 ps                      ;
; Truncate long hierarchy paths                                                                     ; Off                       ;
; Map illegal HDL characters                                                                        ; Off                       ;
; Flatten buses into individual nodes                                                               ; Off                       ;
; Maintain hierarchy                                                                                ; Off                       ;
; Bring out device-wide set/reset signals as ports                                                  ; Off                       ;
; Enable glitch filtering                                                                           ; Off                       ;
; Do not write top level VHDL entity                                                                ; Off                       ;
; Disable detection of setup and hold time violations in the input registers of bi-directional pins ; Off                       ;
; Architecture name in VHDL output netlist                                                          ; structure                 ;
; Generate third-party EDA tool command script for RTL functional simulation                        ; Off                       ;
; Generate third-party EDA tool command script for gate-level simulation                            ; Off                       ;
+---------------------------------------------------------------------------------------------------+---------------------------+


+------------------------------------------------------------------------------------------------------------------------------------------------------------------------------------+
; Simulation Generated Files                                                                                                                                                         ;
+------------------------------------------------------------------------------------------------------------------------------------------------------------------------------------+
; Generated Files                                                                                                                                                                    ;
+------------------------------------------------------------------------------------------------------------------------------------------------------------------------------------+
; D:/Users/Leon/Work/CMD-3/el_lxe/Electronics/trunk/Altera/AlteraBLVDS_edit/AlteraBLVDS_edit/CycloneIII_blvds_restored/simulation/modelsim/CycloneIII_blvds_7_1200mv_85c_slow.vo     ;
; D:/Users/Leon/Work/CMD-3/el_lxe/Electronics/trunk/Altera/AlteraBLVDS_edit/AlteraBLVDS_edit/CycloneIII_blvds_restored/simulation/modelsim/CycloneIII_blvds_7_1200mv_0c_slow.vo      ;
; D:/Users/Leon/Work/CMD-3/el_lxe/Electronics/trunk/Altera/AlteraBLVDS_edit/AlteraBLVDS_edit/CycloneIII_blvds_restored/simulation/modelsim/CycloneIII_blvds_min_1200mv_0c_fast.vo    ;
; D:/Users/Leon/Work/CMD-3/el_lxe/Electronics/trunk/Altera/AlteraBLVDS_edit/AlteraBLVDS_edit/CycloneIII_blvds_restored/simulation/modelsim/CycloneIII_blvds.vo                       ;
; D:/Users/Leon/Work/CMD-3/el_lxe/Electronics/trunk/Altera/AlteraBLVDS_edit/AlteraBLVDS_edit/CycloneIII_blvds_restored/simulation/modelsim/CycloneIII_blvds_7_1200mv_85c_v_slow.sdo  ;
; D:/Users/Leon/Work/CMD-3/el_lxe/Electronics/trunk/Altera/AlteraBLVDS_edit/AlteraBLVDS_edit/CycloneIII_blvds_restored/simulation/modelsim/CycloneIII_blvds_7_1200mv_0c_v_slow.sdo   ;
; D:/Users/Leon/Work/CMD-3/el_lxe/Electronics/trunk/Altera/AlteraBLVDS_edit/AlteraBLVDS_edit/CycloneIII_blvds_restored/simulation/modelsim/CycloneIII_blvds_min_1200mv_0c_v_fast.sdo ;
; D:/Users/Leon/Work/CMD-3/el_lxe/Electronics/trunk/Altera/AlteraBLVDS_edit/AlteraBLVDS_edit/CycloneIII_blvds_restored/simulation/modelsim/CycloneIII_blvds_v.sdo                    ;
+------------------------------------------------------------------------------------------------------------------------------------------------------------------------------------+


+-----------------------------+
; EDA Netlist Writer Messages ;
+-----------------------------+
Info: *******************************************************************
Info: Running Quartus II 64-Bit EDA Netlist Writer
    Info: Version 9.1 Build 350 03/24/2010 Service Pack 2 SJ Full Version
    Info: Processing started: Wed Dec 06 10:35:46 2017
Info: Command: quartus_eda --read_settings_files=off --write_settings_files=off CycloneIII_blvds -c CycloneIII_blvds
Info: Generated simulation netlist will be non-hierarchical because the design has SignalTap II partitions, termination control logic and/or a design partition that contains bidirectional ports
Info: Generated file CycloneIII_blvds_7_1200mv_85c_slow.vo in folder "D:/Users/Leon/Work/CMD-3/el_lxe/Electronics/trunk/Altera/AlteraBLVDS_edit/AlteraBLVDS_edit/CycloneIII_blvds_restored/simulation/modelsim/" for EDA simulation tool
Info: Generated file CycloneIII_blvds_7_1200mv_0c_slow.vo in folder "D:/Users/Leon/Work/CMD-3/el_lxe/Electronics/trunk/Altera/AlteraBLVDS_edit/AlteraBLVDS_edit/CycloneIII_blvds_restored/simulation/modelsim/" for EDA simulation tool
Info: Generated file CycloneIII_blvds_min_1200mv_0c_fast.vo in folder "D:/Users/Leon/Work/CMD-3/el_lxe/Electronics/trunk/Altera/AlteraBLVDS_edit/AlteraBLVDS_edit/CycloneIII_blvds_restored/simulation/modelsim/" for EDA simulation tool
Info: Generated file CycloneIII_blvds.vo in folder "D:/Users/Leon/Work/CMD-3/el_lxe/Electronics/trunk/Altera/AlteraBLVDS_edit/AlteraBLVDS_edit/CycloneIII_blvds_restored/simulation/modelsim/" for EDA simulation tool
Info: Generated file CycloneIII_blvds_7_1200mv_85c_v_slow.sdo in folder "D:/Users/Leon/Work/CMD-3/el_lxe/Electronics/trunk/Altera/AlteraBLVDS_edit/AlteraBLVDS_edit/CycloneIII_blvds_restored/simulation/modelsim/" for EDA simulation tool
Info: Generated file CycloneIII_blvds_7_1200mv_0c_v_slow.sdo in folder "D:/Users/Leon/Work/CMD-3/el_lxe/Electronics/trunk/Altera/AlteraBLVDS_edit/AlteraBLVDS_edit/CycloneIII_blvds_restored/simulation/modelsim/" for EDA simulation tool
Info: Generated file CycloneIII_blvds_min_1200mv_0c_v_fast.sdo in folder "D:/Users/Leon/Work/CMD-3/el_lxe/Electronics/trunk/Altera/AlteraBLVDS_edit/AlteraBLVDS_edit/CycloneIII_blvds_restored/simulation/modelsim/" for EDA simulation tool
Info: Generated file CycloneIII_blvds_v.sdo in folder "D:/Users/Leon/Work/CMD-3/el_lxe/Electronics/trunk/Altera/AlteraBLVDS_edit/AlteraBLVDS_edit/CycloneIII_blvds_restored/simulation/modelsim/" for EDA simulation tool
Info: Quartus II 64-Bit EDA Netlist Writer was successful. 0 errors, 0 warnings
    Info: Peak virtual memory: 226 megabytes
    Info: Processing ended: Wed Dec 06 10:35:46 2017
    Info: Elapsed time: 00:00:00
    Info: Total CPU time (on all processors): 00:00:00


