Analysis & Synthesis report for CycloneIII_blvds
Wed Dec 06 10:35:33 2017
Quartus II 64-Bit Version 9.1 Build 350 03/24/2010 Service Pack 2 SJ Full Version


---------------------
; Table of Contents ;
---------------------
  1. Legal Notice
  2. Analysis & Synthesis Summary
  3. Analysis & Synthesis Settings
  4. Parallel Compilation
  5. Analysis & Synthesis Source Files Read
  6. Analysis & Synthesis Resource Usage Summary
  7. Analysis & Synthesis Resource Utilization by Entity
  8. General Register Statistics
  9. Analysis & Synthesis Messages



----------------
; Legal Notice ;
----------------
Copyright (C) 1991-2010 Altera Corporation
Your use of Altera Corporation's design tools, logic functions 
and other software and tools, and its AMPP partner logic 
functions, and any output files from any of the foregoing 
(including device programming or simulation files), and any 
associated documentation or information are expressly subject 
to the terms and conditions of the Altera Program License 
Subscription Agreement, Altera MegaCore Function License 
Agreement, or other applicable license agreement, including, 
without limitation, that your use is for the sole purpose of 
programming logic devices manufactured by Altera and sold by 
Altera or its authorized distributors.  Please refer to the 
applicable agreement for further details.



+------------------------------------------------------------------------------------+
; Analysis & Synthesis Summary                                                       ;
+------------------------------------+-----------------------------------------------+
; Analysis & Synthesis Status        ; Successful - Wed Dec 06 10:35:33 2017         ;
; Quartus II 64-Bit Version          ; 9.1 Build 350 03/24/2010 SP 2 SJ Full Version ;
; Revision Name                      ; CycloneIII_blvds                              ;
; Top-level Entity Name              ; buslvds                                       ;
; Family                             ; Cyclone IV E                                  ;
; Total logic elements               ; 1                                             ;
;     Total combinational functions  ; 1                                             ;
;     Dedicated logic registers      ; 0                                             ;
; Total registers                    ; 0                                             ;
; Total pins                         ; 5                                             ;
; Total virtual pins                 ; 0                                             ;
; Total memory bits                  ; 0                                             ;
; Embedded Multiplier 9-bit elements ; 0                                             ;
; Total PLLs                         ; 0                                             ;
+------------------------------------+-----------------------------------------------+


+----------------------------------------------------------------------------------------------------------------------+
; Analysis & Synthesis Settings                                                                                        ;
+----------------------------------------------------------------------------+--------------------+--------------------+
; Option                                                                     ; Setting            ; Default Value      ;
+----------------------------------------------------------------------------+--------------------+--------------------+
; Device                                                                     ; EP4CE40F23C7       ;                    ;
; Top-level entity name                                                      ; buslvds            ; CycloneIII_blvds   ;
; Family name                                                                ; Cyclone IV E       ; Cyclone IV GX      ;
; Type of Retiming Performed During Resynthesis                              ; Full               ;                    ;
; Resynthesis Optimization Effort                                            ; Normal             ;                    ;
; Physical Synthesis Level for Resynthesis                                   ; Normal             ;                    ;
; Use Generated Physical Constraints File                                    ; On                 ;                    ;
; Use smart compilation                                                      ; Off                ; Off                ;
; Enable parallel Assembler and TimeQuest Timing Analyzer during compilation ; On                 ; On                 ;
; Enable compact report table                                                ; Off                ; Off                ;
; Restructure Multiplexers                                                   ; Auto               ; Auto               ;
; Create Debugging Nodes for IP Cores                                        ; Off                ; Off                ;
; Preserve fewer node names                                                  ; On                 ; On                 ;
; Disable OpenCore Plus hardware evaluation                                  ; Off                ; Off                ;
; Verilog Version                                                            ; Verilog_2001       ; Verilog_2001       ;
; VHDL Version                                                               ; VHDL_1993          ; VHDL_1993          ;
; State Machine Processing                                                   ; Auto               ; Auto               ;
; Safe State Machine                                                         ; Off                ; Off                ;
; Extract Verilog State Machines                                             ; On                 ; On                 ;
; Extract VHDL State Machines                                                ; On                 ; On                 ;
; Ignore Verilog initial constructs                                          ; Off                ; Off                ;
; Iteration limit for constant Verilog loops                                 ; 5000               ; 5000               ;
; Iteration limit for non-constant Verilog loops                             ; 250                ; 250                ;
; Add Pass-Through Logic to Inferred RAMs                                    ; On                 ; On                 ;
; Parallel Synthesis                                                         ; On                 ; On                 ;
; DSP Block Balancing                                                        ; Auto               ; Auto               ;
; NOT Gate Push-Back                                                         ; On                 ; On                 ;
; Power-Up Don't Care                                                        ; On                 ; On                 ;
; Remove Redundant Logic Cells                                               ; Off                ; Off                ;
; Remove Duplicate Registers                                                 ; On                 ; On                 ;
; Ignore CARRY Buffers                                                       ; Off                ; Off                ;
; Ignore CASCADE Buffers                                                     ; Off                ; Off                ;
; Ignore GLOBAL Buffers                                                      ; Off                ; Off                ;
; Ignore ROW GLOBAL Buffers                                                  ; Off                ; Off                ;
; Ignore LCELL Buffers                                                       ; Off                ; Off                ;
; Ignore SOFT Buffers                                                        ; On                 ; On                 ;
; Limit AHDL Integers to 32 Bits                                             ; Off                ; Off                ;
; Optimization Technique                                                     ; Balanced           ; Balanced           ;
; Carry Chain Length                                                         ; 70                 ; 70                 ;
; Auto Carry Chains                                                          ; On                 ; On                 ;
; Auto Open-Drain Pins                                                       ; On                 ; On                 ;
; Perform WYSIWYG Primitive Resynthesis                                      ; Off                ; Off                ;
; Auto ROM Replacement                                                       ; On                 ; On                 ;
; Auto RAM Replacement                                                       ; On                 ; On                 ;
; Auto DSP Block Replacement                                                 ; On                 ; On                 ;
; Auto Shift Register Replacement                                            ; Auto               ; Auto               ;
; Auto Clock Enable Replacement                                              ; On                 ; On                 ;
; Strict RAM Replacement                                                     ; Off                ; Off                ;
; Allow Synchronous Control Signals                                          ; On                 ; On                 ;
; Force Use of Synchronous Clear Signals                                     ; Off                ; Off                ;
; Auto RAM Block Balancing                                                   ; On                 ; On                 ;
; Auto RAM to Logic Cell Conversion                                          ; Off                ; Off                ;
; Auto Resource Sharing                                                      ; Off                ; Off                ;
; Allow Any RAM Size For Recognition                                         ; Off                ; Off                ;
; Allow Any ROM Size For Recognition                                         ; Off                ; Off                ;
; Allow Any Shift Register Size For Recognition                              ; Off                ; Off                ;
; Use LogicLock Constraints during Resource Balancing                        ; On                 ; On                 ;
; Ignore translate_off and synthesis_off directives                          ; Off                ; Off                ;
; Timing-Driven Synthesis                                                    ; On                 ; On                 ;
; Show Parameter Settings Tables in Synthesis Report                         ; On                 ; On                 ;
; Ignore Maximum Fan-Out Assignments                                         ; Off                ; Off                ;
; Synchronization Register Chain Length                                      ; 3                  ; 3                  ;
; PowerPlay Power Optimization                                               ; Normal compilation ; Normal compilation ;
; HDL message level                                                          ; Level2             ; Level2             ;
; Suppress Register Optimization Related Messages                            ; Off                ; Off                ;
; Number of Removed Registers Reported in Synthesis Report                   ; 5000               ; 5000               ;
; Number of Inverted Registers Reported in Synthesis Report                  ; 100                ; 100                ;
; Clock MUX Protection                                                       ; On                 ; On                 ;
; Auto Gated Clock Conversion                                                ; Off                ; Off                ;
; Block Design Naming                                                        ; Auto               ; Auto               ;
; SDC constraint protection                                                  ; Off                ; Off                ;
; Synthesis Effort                                                           ; Auto               ; Auto               ;
; Shift Register Replacement - Allow Asynchronous Clear Signal               ; On                 ; On                 ;
; Analysis & Synthesis Message Level                                         ; Medium             ; Medium             ;
; Disable Register Merging Across Hierarchies                                ; Auto               ; Auto               ;
; Resource Aware Inference For Block RAM                                     ; On                 ; On                 ;
+----------------------------------------------------------------------------+--------------------+--------------------+


+------------------------------------------+
; Parallel Compilation                     ;
+----------------------------+-------------+
; Processors                 ; Number      ;
+----------------------------+-------------+
; Number detected on machine ; 4           ;
; Maximum allowed            ; 4           ;
;                            ;             ;
; Average used               ; 1.00        ;
; Maximum used               ; 1           ;
;                            ;             ;
; Usage by Processor         ; % Time Used ;
;     1 processor            ; 100.0%      ;
;     2-4 processors         ;   0.0%      ;
+----------------------------+-------------+


+----------------------------------------------------------------------------------------------------------------------------------------------------------------------------------------------------------------------------+
; Analysis & Synthesis Source Files Read                                                                                                                                                                                     ;
+----------------------------------+-----------------+------------------------------------+----------------------------------------------------------------------------------------------------------------------------------+
; File Name with User-Entered Path ; Used in Netlist ; File Type                          ; File Name with Absolute Path                                                                                                     ;
+----------------------------------+-----------------+------------------------------------+----------------------------------------------------------------------------------------------------------------------------------+
; buslvds.bdf                      ; yes             ; User Block Diagram/Schematic File  ; D:/Users/Leon/Work/CMD-3/el_lxe/Electronics/trunk/Altera/AlteraBLVDS_edit/AlteraBLVDS_edit/CycloneIII_blvds_restored/buslvds.bdf ;
; pdo.v                            ; yes             ; User Verilog HDL File              ; D:/Users/Leon/Work/CMD-3/el_lxe/Electronics/trunk/Altera/AlteraBLVDS_edit/AlteraBLVDS_edit/CycloneIII_blvds_restored/pdo.v       ;
; db/seio.v                        ; yes             ; Auto-Generated Megafunction        ; D:/Users/Leon/Work/CMD-3/el_lxe/Electronics/trunk/Altera/AlteraBLVDS_edit/AlteraBLVDS_edit/CycloneIII_blvds_restored/db/seio.v   ;
; db/diffin.v                      ; yes             ; Auto-Generated Megafunction        ; D:/Users/Leon/Work/CMD-3/el_lxe/Electronics/trunk/Altera/AlteraBLVDS_edit/AlteraBLVDS_edit/CycloneIII_blvds_restored/db/diffin.v ;
+----------------------------------+-----------------+------------------------------------+----------------------------------------------------------------------------------------------------------------------------------+


+--------------------------------------------------------+
; Analysis & Synthesis Resource Usage Summary            ;
+---------------------------------------------+----------+
; Resource                                    ; Usage    ;
+---------------------------------------------+----------+
; Estimated Total logic elements              ; 1        ;
;                                             ;          ;
; Total combinational functions               ; 1        ;
; Logic element usage by number of LUT inputs ;          ;
;     -- 4 input functions                    ; 0        ;
;     -- 3 input functions                    ; 0        ;
;     -- <=2 input functions                  ; 1        ;
;                                             ;          ;
; Logic elements by mode                      ;          ;
;     -- normal mode                          ; 1        ;
;     -- arithmetic mode                      ; 0        ;
;                                             ;          ;
; Total registers                             ; 0        ;
;     -- Dedicated logic registers            ; 0        ;
;     -- I/O registers                        ; 0        ;
;                                             ;          ;
; I/O pins                                    ; 5        ;
; Maximum fan-out node                        ; oe~input ;
; Maximum fan-out                             ; 3        ;
; Total fan-out                               ; 15       ;
; Average fan-out                             ; 1.15     ;
+---------------------------------------------+----------+


+----------------------------------------------------------------------------------------------------------------------------------------------------------------------------------------------------------------------------------------------------------------+
; Analysis & Synthesis Resource Utilization by Entity                                                                                                                                                                                                            ;
+-----------------------------------------------------------+-------------------+--------------+-------------+--------------+---------+-----------+------+--------------+-------------------------------------------------------------------------+--------------+
; Compilation Hierarchy Node                                ; LC Combinationals ; LC Registers ; Memory Bits ; DSP Elements ; DSP 9x9 ; DSP 18x18 ; Pins ; Virtual Pins ; Full Hierarchy Name                                                     ; Library Name ;
+-----------------------------------------------------------+-------------------+--------------+-------------+--------------+---------+-----------+------+--------------+-------------------------------------------------------------------------+--------------+
; |buslvds                                                  ; 1 (1)             ; 0 (0)        ; 0           ; 0            ; 0       ; 0         ; 5    ; 0            ; |buslvds                                                                ; work         ;
;    |diffin:inst5|                                         ; 0 (0)             ; 0 (0)        ; 0           ; 0            ; 0       ; 0         ; 0    ; 0            ; |buslvds|diffin:inst5                                                   ;              ;
;       |diffin_iobuf_in_bvi:diffin_iobuf_in_bvi_component| ; 0 (0)             ; 0 (0)        ; 0           ; 0            ; 0       ; 0         ; 0    ; 0            ; |buslvds|diffin:inst5|diffin_iobuf_in_bvi:diffin_iobuf_in_bvi_component ;              ;
;    |pdo:inst2|                                            ; 0 (0)             ; 0 (0)        ; 0           ; 0            ; 0       ; 0         ; 0    ; 0            ; |buslvds|pdo:inst2                                                      ;              ;
;    |seio:inst3|                                           ; 0 (0)             ; 0 (0)        ; 0           ; 0            ; 0       ; 0         ; 0    ; 0            ; |buslvds|seio:inst3                                                     ;              ;
;       |seio_iobuf_out_44t:seio_iobuf_out_44t_component|   ; 0 (0)             ; 0 (0)        ; 0           ; 0            ; 0       ; 0         ; 0    ; 0            ; |buslvds|seio:inst3|seio_iobuf_out_44t:seio_iobuf_out_44t_component     ;              ;
;    |seio:inst4|                                           ; 0 (0)             ; 0 (0)        ; 0           ; 0            ; 0       ; 0         ; 0    ; 0            ; |buslvds|seio:inst4                                                     ; work         ;
;       |seio_iobuf_out_44t:seio_iobuf_out_44t_component|   ; 0 (0)             ; 0 (0)        ; 0           ; 0            ; 0       ; 0         ; 0    ; 0            ; |buslvds|seio:inst4|seio_iobuf_out_44t:seio_iobuf_out_44t_component     ;              ;
+-----------------------------------------------------------+-------------------+--------------+-------------+--------------+---------+-----------+------+--------------+-------------------------------------------------------------------------+--------------+
Note: For table entries with two numbers listed, the numbers in parentheses indicate the number of resources of the given type used by the specific entity alone. The numbers listed outside of parentheses indicate the total resources of the given type used by the specific entity and all of its sub-entities in the hierarchy.


+------------------------------------------------------+
; General Register Statistics                          ;
+----------------------------------------------+-------+
; Statistic                                    ; Value ;
+----------------------------------------------+-------+
; Total registers                              ; 0     ;
; Number of registers using Synchronous Clear  ; 0     ;
; Number of registers using Synchronous Load   ; 0     ;
; Number of registers using Asynchronous Clear ; 0     ;
; Number of registers using Asynchronous Load  ; 0     ;
; Number of registers using Clock Enable       ; 0     ;
; Number of registers using Preset             ; 0     ;
+----------------------------------------------+-------+


+-------------------------------+
; Analysis & Synthesis Messages ;
+-------------------------------+
Info: *******************************************************************
Info: Running Quartus II 64-Bit Analysis & Synthesis
    Info: Version 9.1 Build 350 03/24/2010 Service Pack 2 SJ Full Version
    Info: Processing started: Wed Dec 06 10:35:31 2017
Info: Command: quartus_map --read_settings_files=on --write_settings_files=off CycloneIII_blvds -c CycloneIII_blvds
Info: Parallel compilation is enabled and will use 4 of the 4 processors detected
Info: Found 1 design units, including 1 entities, in source file buslvds.bdf
    Info: Found entity 1: buslvds
Info: Found 1 design units, including 1 entities, in source file pdo.v
    Info: Found entity 1: pdo
Warning: Clear box output file D:/Users/Leon/Work/CMD-3/el_lxe/Electronics/trunk/Altera/AlteraBLVDS_edit/AlteraBLVDS_edit/CycloneIII_blvds_restored/seio.v is not compatible with the current compile. Used regenerated output file D:/Users/Leon/Work/CMD-3/el_lxe/Electronics/trunk/Altera/AlteraBLVDS_edit/AlteraBLVDS_edit/CycloneIII_blvds_restored/db/seio.v for elaboration
Info: Found 2 design units, including 2 entities, in source file db/seio.v
    Info: Found entity 1: seio_iobuf_out_44t
    Info: Found entity 2: seio
Warning: Clear box output file D:/Users/Leon/Work/CMD-3/el_lxe/Electronics/trunk/Altera/AlteraBLVDS_edit/AlteraBLVDS_edit/CycloneIII_blvds_restored/diffin.v is not compatible with the current compile. Used regenerated output file D:/Users/Leon/Work/CMD-3/el_lxe/Electronics/trunk/Altera/AlteraBLVDS_edit/AlteraBLVDS_edit/CycloneIII_blvds_restored/db/diffin.v for elaboration
Info: Found 2 design units, including 2 entities, in source file db/diffin.v
    Info: Found entity 1: diffin_iobuf_in_bvi
    Info: Found entity 2: diffin
Info: Elaborating entity "buslvds" for the top level hierarchy
Info: Elaborating entity "diffin" for hierarchy "diffin:inst5"
Info: Elaborating entity "diffin_iobuf_in_bvi" for hierarchy "diffin:inst5|diffin_iobuf_in_bvi:diffin_iobuf_in_bvi_component"
Info: Elaborating entity "seio" for hierarchy "seio:inst3"
Info: Elaborating entity "seio_iobuf_out_44t" for hierarchy "seio:inst3|seio_iobuf_out_44t:seio_iobuf_out_44t_component"
Info: Elaborating entity "pdo" for hierarchy "pdo:inst2"
Info: Timing-Driven Synthesis is running
Info: Implemented 7 device resources after synthesis - the final resource count might be different
    Info: Implemented 2 input pins
    Info: Implemented 1 output pins
    Info: Implemented 2 bidirectional pins
    Info: Implemented 1 logic cells
Info: Quartus II 64-Bit Analysis & Synthesis was successful. 0 errors, 2 warnings
    Info: Peak virtual memory: 282 megabytes
    Info: Processing ended: Wed Dec 06 10:35:33 2017
    Info: Elapsed time: 00:00:02
    Info: Total CPU time (on all processors): 00:00:01


