Flow report for CycloneIII_blvds
Wed Dec 06 10:35:46 2017
Quartus II 64-Bit Version 9.1 Build 350 03/24/2010 Service Pack 2 SJ Full Version


---------------------
; Table of Contents ;
---------------------
  1. Legal Notice
  2. Flow Summary
  3. Flow Settings
  4. Flow Non-Default Global Settings
  5. Flow Elapsed Time
  6. Flow OS Summary
  7. Flow Log



----------------
; Legal Notice ;
----------------
Copyright (C) 1991-2010 Altera Corporation
Your use of Altera Corporation's design tools, logic functions 
and other software and tools, and its AMPP partner logic 
functions, and any output files from any of the foregoing 
(including device programming or simulation files), and any 
associated documentation or information are expressly subject 
to the terms and conditions of the Altera Program License 
Subscription Agreement, Altera MegaCore Function License 
Agreement, or other applicable license agreement, including, 
without limitation, that your use is for the sole purpose of 
programming logic devices manufactured by Altera and sold by 
Altera or its authorized distributors.  Please refer to the 
applicable agreement for further details.



+------------------------------------------------------------------------------------+
; Flow Summary                                                                       ;
+------------------------------------+-----------------------------------------------+
; Flow Status                        ; Successful - Wed Dec 06 10:35:46 2017         ;
; Quartus II 64-Bit Version          ; 9.1 Build 350 03/24/2010 SP 2 SJ Full Version ;
; Revision Name                      ; CycloneIII_blvds                              ;
; Top-level Entity Name              ; buslvds                                       ;
; Family                             ; Cyclone IV E                                  ;
; Device                             ; EP4CE40F23C7                                  ;
; Timing Models                      ; Preliminary                                   ;
; Met timing requirements            ; N/A                                           ;
; Total logic elements               ; 1 / 39,600 ( < 1 % )                          ;
;     Total combinational functions  ; 1 / 39,600 ( < 1 % )                          ;
;     Dedicated logic registers      ; 0 / 39,600 ( 0 % )                            ;
; Total registers                    ; 0                                             ;
; Total pins                         ; 5 / 329 ( 2 % )                               ;
; Total virtual pins                 ; 0                                             ;
; Total memory bits                  ; 0 / 1,161,216 ( 0 % )                         ;
; Embedded Multiplier 9-bit elements ; 0 / 232 ( 0 % )                               ;
; Total PLLs                         ; 0 / 4 ( 0 % )                                 ;
+------------------------------------+-----------------------------------------------+


+-----------------------------------------+
; Flow Settings                           ;
+-------------------+---------------------+
; Option            ; Setting             ;
+-------------------+---------------------+
; Start date & time ; 12/06/2017 10:35:31 ;
; Main task         ; Compilation         ;
; Revision Name     ; CycloneIII_blvds    ;
+-------------------+---------------------+


+-----------------------------------------------------------------------------------------------------------------------------------------------------------------------------------------------------------------------------------+
; Flow Non-Default Global Settings                                                                                                                                                                                                  ;
+-------------------------------------+-------------------------------------------------------------------------------------------------------------------------------------------+------------------+-------------+----------------+
; Assignment Name                     ; Value                                                                                                                                     ; Default Value    ; Entity Name ; Section Id     ;
+-------------------------------------+-------------------------------------------------------------------------------------------------------------------------------------------+------------------+-------------+----------------+
; COMPILER_SIGNATURE_ID               ; 53350635873176.151253133101712                                                                                                            ; --               ; --          ; --             ;
; CRC_ERROR_OPEN_DRAIN                ; Off                                                                                                                                       ; On               ; --          ; --             ;
; EDA_OUTPUT_DATA_FORMAT              ; Verilog Hdl                                                                                                                               ; --               ; --          ; eda_simulation ;
; EDA_SIMULATION_TOOL                 ; ModelSim-Altera (Verilog)                                                                                                                 ; <None>           ; --          ; --             ;
; EDA_TIME_SCALE                      ; 1 ps                                                                                                                                      ; --               ; --          ; eda_simulation ;
; IP_TOOL_NAME                        ; ALTIOBUF                                                                                                                                  ; --               ; --          ; --             ;
; IP_TOOL_NAME                        ; ALTIOBUF                                                                                                                                  ; --               ; --          ; --             ;
; IP_TOOL_VERSION                     ; 9.1                                                                                                                                       ; --               ; --          ; --             ;
; IP_TOOL_VERSION                     ; 9.1                                                                                                                                       ; --               ; --          ; --             ;
; MAX_CORE_JUNCTION_TEMP              ; 85                                                                                                                                        ; --               ; --          ; --             ;
; MIN_CORE_JUNCTION_TEMP              ; 0                                                                                                                                         ; --               ; --          ; --             ;
; MISC_FILE                           ; seio.bsf                                                                                                                                  ; --               ; --          ; --             ;
; MISC_FILE                           ; seio_inst.v                                                                                                                               ; --               ; --          ; --             ;
; MISC_FILE                           ; seio_bb.v                                                                                                                                 ; --               ; --          ; --             ;
; MISC_FILE                           ; seio.cmp                                                                                                                                  ; --               ; --          ; --             ;
; MISC_FILE                           ; diffin.bsf                                                                                                                                ; --               ; --          ; --             ;
; MISC_FILE                           ; diffin_inst.v                                                                                                                             ; --               ; --          ; --             ;
; MISC_FILE                           ; diffin_bb.v                                                                                                                               ; --               ; --          ; --             ;
; MISC_FILE                           ; diffin.cmp                                                                                                                                ; --               ; --          ; --             ;
; MISC_FILE                           ; D:/Users/Leon/Work/CMD-3/el_lxe/Electronics/trunk/Altera/AlteraBLVDS_edit/AlteraBLVDS_edit/CycloneIII_blvds_restored/CycloneIII_blvds.dpf ; --               ; --          ; --             ;
; NOMINAL_CORE_SUPPLY_VOLTAGE         ; 1.2V                                                                                                                                      ; --               ; --          ; --             ;
; PARTITION_COLOR                     ; 16764057                                                                                                                                  ; --               ; buslvds     ; Top            ;
; PARTITION_FITTER_PRESERVATION_LEVEL ; PLACEMENT_AND_ROUTING                                                                                                                     ; --               ; buslvds     ; Top            ;
; PARTITION_NETLIST_TYPE              ; SOURCE                                                                                                                                    ; --               ; buslvds     ; Top            ;
; TOP_LEVEL_ENTITY                    ; buslvds                                                                                                                                   ; CycloneIII_blvds ; --          ; --             ;
; USE_GENERATED_PHYSICAL_CONSTRAINTS  ; Off                                                                                                                                       ; --               ; --          ; eda_blast_fpga ;
+-------------------------------------+-------------------------------------------------------------------------------------------------------------------------------------------+------------------+-------------+----------------+


+-------------------------------------------------------------------------------------------------------------------------------+
; Flow Elapsed Time                                                                                                             ;
+---------------------------+--------------+-------------------------+---------------------+------------------------------------+
; Module Name               ; Elapsed Time ; Average Processors Used ; Peak Virtual Memory ; Total CPU Time (on all processors) ;
+---------------------------+--------------+-------------------------+---------------------+------------------------------------+
; Analysis & Synthesis      ; 00:00:02     ; 1.0                     ; 282 MB              ; 00:00:01                           ;
; Fitter                    ; 00:00:06     ; 1.0                     ; 452 MB              ; 00:00:06                           ;
; TimeQuest Timing Analyzer ; 00:00:03     ; 1.0                     ; 353 MB              ; 00:00:02                           ;
; Assembler                 ; 00:00:02     ; 1.0                     ; 321 MB              ; 00:00:02                           ;
; EDA Netlist Writer        ; 00:00:00     ; 1.0                     ; 214 MB              ; 00:00:00                           ;
; Total                     ; 00:00:11     ; --                      ; --                  ; 00:00:09                           ;
+---------------------------+--------------+-------------------------+---------------------+------------------------------------+


+--------------------------------------------------------------------------------------------+
; Flow OS Summary                                                                            ;
+---------------------------+------------------+---------------+------------+----------------+
; Module Name               ; Machine Hostname ; OS Name       ; OS Version ; Processor type ;
+---------------------------+------------------+---------------+------------+----------------+
; Analysis & Synthesis      ; l2-epsht2        ; Windows Vista ; 6.1        ; x86_64         ;
; Fitter                    ; l2-epsht2        ; Windows Vista ; 6.1        ; x86_64         ;
; Assembler                 ; l2-epsht2        ; Windows Vista ; 6.1        ; x86_64         ;
; TimeQuest Timing Analyzer ; l2-epsht2        ; Windows Vista ; 6.1        ; x86_64         ;
; EDA Netlist Writer        ; l2-epsht2        ; Windows Vista ; 6.1        ; x86_64         ;
+---------------------------+------------------+---------------+------------+----------------+


------------
; Flow Log ;
------------
quartus_map --read_settings_files=on --write_settings_files=off CycloneIII_blvds -c CycloneIII_blvds
quartus_fit --read_settings_files=off --write_settings_files=off CycloneIII_blvds -c CycloneIII_blvds
quartus_asm --read_settings_files=off --write_settings_files=off CycloneIII_blvds -c CycloneIII_blvds
quartus_sta CycloneIII_blvds -c CycloneIII_blvds
quartus_eda --read_settings_files=off --write_settings_files=off CycloneIII_blvds -c CycloneIII_blvds



